#
# There is insufficient memory for the Java Runtime Environment to continue.
# Native memory allocation (malloc) failed to allocate 1049776 bytes for Chunk::new
# Possible reasons:
#   The system is out of physical RAM or swap space
#   The process is running with CompressedOops enabled, and the Java Heap may be blocking the growth of the native heap
# Possible solutions:
#   Reduce memory load on the system
#   Increase physical memory or swap space
#   Check if swap backing store is full
#   Decrease Java heap size (-Xmx/-Xms)
#   Decrease number of Java threads
#   Decrease Java thread stack sizes (-Xss)
#   Set larger code cache with -XX:ReservedCodeCacheSize=
#   JVM is running with Unscaled Compressed Oops mode in which the Java heap is
#     placed in the first 4GB address space. The Java Heap base address is the
#     maximum limit for the native heap growth. Please use -XX:HeapBaseMinAddress
#     to set the Java Heap base and to place the Java Heap above 4GB virtual address.
# This output file may be truncated or incomplete.
#
#  Out of Memory Error (arena.cpp:168), pid=17168, tid=12224
#
# JRE version: OpenJDK Runtime Environment (21.0.2+13) (build 21.0.2+13-58)
# Java VM: OpenJDK 64-Bit Server VM (21.0.2+13-58, mixed mode, sharing, tiered, compressed oops, compressed class ptrs, g1 gc, windows-amd64)
# No core dump will be written. Minidumps are not enabled by default on client versions of Windows
#

---------------  S U M M A R Y ------------

Command Line: -javaagent:C:\Program Files\JetBrains\IntelliJ IDEA Community Edition 2023.3.2\lib\idea_rt.jar=56068:C:\Program Files\JetBrains\IntelliJ IDEA Community Edition 2023.3.2\bin -Dfile.encoding=UTF-8 -Dsun.stdout.encoding=UTF-8 -Dsun.stderr.encoding=UTF-8 it.epicode.capstone.CapstoneApplication

Host: AMD Ryzen 5 3500U with Radeon Vega Mobile Gfx  , 8 cores, 5G,  Windows 11 , 64 bit Build 22621 (10.0.22621.3235)
Time: Mon Mar 25 12:03:47 2024 ora solare Europa occidentale elapsed time: 11942.707895 seconds (0d 3h 19m 2s)

---------------  T H R E A D  ---------------

Current thread (0x00000210b4ed04d0):  JavaThread "C2 CompilerThread0" daemon [_thread_in_native, id=12224, stack(0x00000054a7000000,0x00000054a7100000) (1024K)]


Current CompileTask:
C2:11942708 20463       4       org.springframework.web.filter.CorsFilter::doFilterInternal (49 bytes)

Stack: [0x00000054a7000000,0x00000054a7100000]
Native frames: (J=compiled Java code, j=interpreted, Vv=VM code, C=native code)
V  [jvm.dll+0x6cade9]
V  [jvm.dll+0x8569c1]
V  [jvm.dll+0x858d2e]
V  [jvm.dll+0x859413]
V  [jvm.dll+0x280e56]
V  [jvm.dll+0xc3f3d]
V  [jvm.dll+0xc4473]
V  [jvm.dll+0x2f437f]
V  [jvm.dll+0x5f5056]
V  [jvm.dll+0x252d7f]
V  [jvm.dll+0x24b6d6]
V  [jvm.dll+0x2490a3]
V  [jvm.dll+0x1c9634]
V  [jvm.dll+0x258859]
V  [jvm.dll+0x256e3a]
V  [jvm.dll+0x3ef6c6]
V  [jvm.dll+0x7ff568]
V  [jvm.dll+0x6c953d]
C  [ucrtbase.dll+0x29363]
C  [KERNEL32.DLL+0x1257d]
C  [ntdll.dll+0x5aa58]


---------------  P R O C E S S  ---------------

Threads class SMR info:
_java_thread_list=0x00000210fe2de1b0, length=31, elements={
0x00000210b4ebf1e0, 0x00000210b4ec0100, 0x00000210b4ec2420, 0x00000210b4ec4650,
0x00000210b4ec7d60, 0x00000210b4ec91c0, 0x00000210b4ed04d0, 0x00000210b4ed20b0,
0x00000210b4e8ad80, 0x00000210fa4d8920, 0x00000210fa795580, 0x00000210fd30a7d0,
0x00000210fa5b4b60, 0x00000210fb7687c0, 0x000002108016eaa0, 0x0000021080173ff0,
0x000002108016e410, 0x0000021080171200, 0x0000021080171f20, 0x00000210801704e0,
0x000002108016f130, 0x000002108016d6f0, 0x00000210801725b0, 0x000002108016dd80,
0x0000021080170b70, 0x000002108016fe50, 0x0000021080171890, 0x00000210801732d0,
0x0000021080172c40, 0x0000021080173960, 0x0000021080b499e0
}

Java Threads: ( => current thread )
  0x00000210b4ebf1e0 JavaThread "Reference Handler"          daemon [_thread_blocked, id=11532, stack(0x00000054a6a00000,0x00000054a6b00000) (1024K)]
  0x00000210b4ec0100 JavaThread "Finalizer"                  daemon [_thread_blocked, id=1296, stack(0x00000054a6b00000,0x00000054a6c00000) (1024K)]
  0x00000210b4ec2420 JavaThread "Signal Dispatcher"          daemon [_thread_blocked, id=13976, stack(0x00000054a6c00000,0x00000054a6d00000) (1024K)]
  0x00000210b4ec4650 JavaThread "Attach Listener"            daemon [_thread_blocked, id=8896, stack(0x00000054a6d00000,0x00000054a6e00000) (1024K)]
  0x00000210b4ec7d60 JavaThread "Service Thread"             daemon [_thread_blocked, id=20352, stack(0x00000054a6e00000,0x00000054a6f00000) (1024K)]
  0x00000210b4ec91c0 JavaThread "Monitor Deflation Thread"   daemon [_thread_blocked, id=12240, stack(0x00000054a6f00000,0x00000054a7000000) (1024K)]
=>0x00000210b4ed04d0 JavaThread "C2 CompilerThread0"         daemon [_thread_in_native, id=12224, stack(0x00000054a7000000,0x00000054a7100000) (1024K)]
  0x00000210b4ed20b0 JavaThread "C1 CompilerThread0"         daemon [_thread_blocked, id=11692, stack(0x00000054a7100000,0x00000054a7200000) (1024K)]
  0x00000210b4e8ad80 JavaThread "Common-Cleaner"             daemon [_thread_blocked, id=20736, stack(0x00000054a7200000,0x00000054a7300000) (1024K)]
  0x00000210fa4d8920 JavaThread "Monitor Ctrl-Break"         daemon [_thread_in_native, id=8844, stack(0x00000054a7400000,0x00000054a7500000) (1024K)]
  0x00000210fa795580 JavaThread "Notification Thread"        daemon [_thread_blocked, id=5716, stack(0x00000054a7500000,0x00000054a7600000) (1024K)]
  0x00000210fd30a7d0 JavaThread "PostgreSQL-JDBC-Cleaner"    daemon [_thread_blocked, id=17964, stack(0x00000054a8000000,0x00000054a8100000) (1024K)]
  0x00000210fa5b4b60 JavaThread "HikariPool-1 housekeeper"   daemon [_thread_blocked, id=20680, stack(0x00000054a8100000,0x00000054a8200000) (1024K)]
  0x00000210fb7687c0 JavaThread "Catalina-utility-1"                [_thread_blocked, id=7620, stack(0x00000054a8400000,0x00000054a8500000) (1024K)]
  0x000002108016eaa0 JavaThread "Catalina-utility-2"                [_thread_blocked, id=5352, stack(0x00000054a8500000,0x00000054a8600000) (1024K)]
  0x0000021080173ff0 JavaThread "http-nio-8080-exec-1"       daemon [_thread_blocked, id=17276, stack(0x00000054a8600000,0x00000054a8700000) (1024K)]
  0x000002108016e410 JavaThread "http-nio-8080-exec-2"       daemon [_thread_blocked, id=14644, stack(0x00000054a8700000,0x00000054a8800000) (1024K)]
  0x0000021080171200 JavaThread "http-nio-8080-exec-3"       daemon [_thread_blocked, id=6960, stack(0x00000054a8800000,0x00000054a8900000) (1024K)]
  0x0000021080171f20 JavaThread "http-nio-8080-exec-4"       daemon [_thread_blocked, id=536, stack(0x00000054a8900000,0x00000054a8a00000) (1024K)]
  0x00000210801704e0 JavaThread "http-nio-8080-exec-5"       daemon [_thread_blocked, id=12808, stack(0x00000054a8a00000,0x00000054a8b00000) (1024K)]
  0x000002108016f130 JavaThread "http-nio-8080-exec-6"       daemon [_thread_blocked, id=9364, stack(0x00000054a8b00000,0x00000054a8c00000) (1024K)]
  0x000002108016d6f0 JavaThread "http-nio-8080-exec-7"       daemon [_thread_blocked, id=15768, stack(0x00000054a8c00000,0x00000054a8d00000) (1024K)]
  0x00000210801725b0 JavaThread "http-nio-8080-exec-8"       daemon [_thread_blocked, id=18604, stack(0x00000054a8d00000,0x00000054a8e00000) (1024K)]
  0x000002108016dd80 JavaThread "http-nio-8080-exec-9"       daemon [_thread_blocked, id=15640, stack(0x00000054a8e00000,0x00000054a8f00000) (1024K)]
  0x0000021080170b70 JavaThread "http-nio-8080-exec-10"      daemon [_thread_blocked, id=15012, stack(0x00000054a8f00000,0x00000054a9000000) (1024K)]
  0x000002108016fe50 JavaThread "container-0"                       [_thread_blocked, id=4812, stack(0x00000054a9000000,0x00000054a9100000) (1024K)]
  0x0000021080171890 JavaThread "File Watcher"               daemon [_thread_blocked, id=17056, stack(0x00000054a8200000,0x00000054a8300000) (1024K)]
  0x00000210801732d0 JavaThread "Live Reload Server"         daemon [_thread_in_native, id=10032, stack(0x00000054a9200000,0x00000054a9300000) (1024K)]
  0x0000021080172c40 JavaThread "http-nio-8080-Poller"       daemon [_thread_in_native, id=13432, stack(0x00000054a9100000,0x00000054a9200000) (1024K)]
  0x0000021080173960 JavaThread "http-nio-8080-Acceptor"     daemon [_thread_in_native, id=18628, stack(0x00000054a9300000,0x00000054a9400000) (1024K)]
  0x0000021080b499e0 JavaThread "DestroyJavaVM"                     [_thread_blocked, id=11240, stack(0x00000054a6200000,0x00000054a6300000) (1024K)]
Total: 31

Other Threads:
  0x00000210b4ea4080 VMThread "VM Thread"                           [id=16664, stack(0x00000054a6900000,0x00000054a6a00000) (1024K)]
  0x00000210b4e89280 WatcherThread "VM Periodic Task Thread"        [id=4224, stack(0x00000054a6800000,0x00000054a6900000) (1024K)]
  0x0000021098fffd90 WorkerThread "GC Thread#0"                     [id=17132, stack(0x00000054a6300000,0x00000054a6400000) (1024K)]
  0x00000210faa042b0 WorkerThread "GC Thread#1"                     [id=12536, stack(0x00000054a7600000,0x00000054a7700000) (1024K)]
  0x00000210faa04650 WorkerThread "GC Thread#2"                     [id=18076, stack(0x00000054a7700000,0x00000054a7800000) (1024K)]
  0x00000210faa049f0 WorkerThread "GC Thread#3"                     [id=21288, stack(0x00000054a7800000,0x00000054a7900000) (1024K)]
  0x00000210fa96d9b0 WorkerThread "GC Thread#4"                     [id=8340, stack(0x00000054a7900000,0x00000054a7a00000) (1024K)]
  0x00000210face36c0 WorkerThread "GC Thread#5"                     [id=13532, stack(0x00000054a7a00000,0x00000054a7b00000) (1024K)]
  0x00000210fb3e1610 WorkerThread "GC Thread#6"                     [id=21928, stack(0x00000054a7e00000,0x00000054a7f00000) (1024K)]
  0x00000210fb21e8e0 WorkerThread "GC Thread#7"                     [id=11784, stack(0x00000054a7f00000,0x00000054a8000000) (1024K)]
  0x000002109900cb60 ConcurrentGCThread "G1 Main Marker"            [id=12460, stack(0x00000054a6400000,0x00000054a6500000) (1024K)]
  0x000002109900de00 WorkerThread "G1 Conc#0"                       [id=16896, stack(0x00000054a6500000,0x00000054a6600000) (1024K)]
  0x00000210fb5befa0 WorkerThread "G1 Conc#1"                       [id=12412, stack(0x00000054a7d00000,0x00000054a7e00000) (1024K)]
  0x00000210b4d620b0 ConcurrentGCThread "G1 Refine#0"               [id=14932, stack(0x00000054a6600000,0x00000054a6700000) (1024K)]
  0x0000021099069920 ConcurrentGCThread "G1 Service"                [id=14184, stack(0x00000054a6700000,0x00000054a6800000) (1024K)]
Total: 15

Threads with active compile tasks:
C2 CompilerThread0  11942895 20463       4       org.springframework.web.filter.CorsFilter::doFilterInternal (49 bytes)
Total: 1

VM state: not at safepoint (normal execution)

VM Mutex/Monitor currently owned by a thread: None

Heap address: 0x00000000a1e00000, size: 1506 MB, Compressed Oops mode: 32-bit

CDS archive(s) mapped at: [0x00000210b5000000-0x00000210b5c90000-0x00000210b5c90000), size 13172736, SharedBaseAddress: 0x00000210b5000000, ArchiveRelocationMode: 1.
Compressed class space mapped at: 0x00000210b6000000-0x00000210f6000000, reserved size: 1073741824
Narrow klass base: 0x00000210b5000000, Narrow klass shift: 0, Narrow klass range: 0x100000000

GC Precious Log:
 CardTable entry size: 512
 Card Set container configuration: InlinePtr #cards 5 size 8 Array Of Cards #cards 12 size 40 Howl #buckets 4 coarsen threshold 1843 Howl Bitmap #cards 512 size 80 coarsen threshold 460 Card regions per heap region 1 cards per card region 2048
 CPUs: 8 total, 8 available
 Memory: 6020M
 Large Page Support: Disabled
 NUMA Support: Disabled
 Compressed Oops: Enabled (32-bit)
 Heap Region Size: 1M
 Heap Min Capacity: 8M
 Heap Initial Capacity: 96M
 Heap Max Capacity: 1506M
 Pre-touch: Disabled
 Parallel Workers: 8
 Concurrent Workers: 2
 Concurrent Refinement Workers: 8
 Periodic GC: Disabled

Heap:
 garbage-first heap   total 120832K, used 46737K [0x00000000a1e00000, 0x0000000100000000)
  region size 1024K, 5 young (5120K), 1 survivors (1024K)
 Metaspace       used 97449K, committed 98240K, reserved 1179648K
  class space    used 12679K, committed 13056K, reserved 1048576K

Heap Regions: E=young(eden), S=young(survivor), O=old, HS=humongous(starts), HC=humongous(continues), CS=collection set, F=free, TAMS=top-at-mark-start, PB=parsable bottom
|   0|0x00000000a1e00000, 0x00000000a1f00000, 0x00000000a1f00000|100%|HS|  |TAMS 0x00000000a1e00000| PB 0x00000000a1e00000| Complete 
|   1|0x00000000a1f00000, 0x00000000a2000000, 0x00000000a2000000|100%| O|  |TAMS 0x00000000a1f00000| PB 0x00000000a1f00000| Untracked 
|   2|0x00000000a2000000, 0x00000000a2100000, 0x00000000a2100000|100%| O|  |TAMS 0x00000000a2000000| PB 0x00000000a2000000| Untracked 
|   3|0x00000000a2100000, 0x00000000a2200000, 0x00000000a2200000|100%| O|  |TAMS 0x00000000a2100000| PB 0x00000000a2100000| Untracked 
|   4|0x00000000a2200000, 0x00000000a2300000, 0x00000000a2300000|100%| O|  |TAMS 0x00000000a2200000| PB 0x00000000a2200000| Untracked 
|   5|0x00000000a2300000, 0x00000000a2400000, 0x00000000a2400000|100%| O|  |TAMS 0x00000000a2300000| PB 0x00000000a2300000| Untracked 
|   6|0x00000000a2400000, 0x00000000a2500000, 0x00000000a2500000|100%| O|  |TAMS 0x00000000a2400000| PB 0x00000000a2400000| Untracked 
|   7|0x00000000a2500000, 0x00000000a2600000, 0x00000000a2600000|100%| O|  |TAMS 0x00000000a2500000| PB 0x00000000a2500000| Untracked 
|   8|0x00000000a2600000, 0x00000000a2700000, 0x00000000a2700000|100%| O|  |TAMS 0x00000000a2600000| PB 0x00000000a2600000| Untracked 
|   9|0x00000000a2700000, 0x00000000a2800000, 0x00000000a2800000|100%| O|  |TAMS 0x00000000a2700000| PB 0x00000000a2700000| Untracked 
|  10|0x00000000a2800000, 0x00000000a2900000, 0x00000000a2900000|100%| O|  |TAMS 0x00000000a2800000| PB 0x00000000a2800000| Untracked 
|  11|0x00000000a2900000, 0x00000000a2a00000, 0x00000000a2a00000|100%| O|  |TAMS 0x00000000a2900000| PB 0x00000000a2900000| Untracked 
|  12|0x00000000a2a00000, 0x00000000a2b00000, 0x00000000a2b00000|100%| O|  |TAMS 0x00000000a2a00000| PB 0x00000000a2a00000| Untracked 
|  13|0x00000000a2b00000, 0x00000000a2c00000, 0x00000000a2c00000|100%| O|  |TAMS 0x00000000a2b00000| PB 0x00000000a2b00000| Untracked 
|  14|0x00000000a2c00000, 0x00000000a2d00000, 0x00000000a2d00000|100%| O|  |TAMS 0x00000000a2c00000| PB 0x00000000a2c00000| Untracked 
|  15|0x00000000a2d00000, 0x00000000a2e00000, 0x00000000a2e00000|100%| O|  |TAMS 0x00000000a2d00000| PB 0x00000000a2d00000| Untracked 
|  16|0x00000000a2e00000, 0x00000000a2e00000, 0x00000000a2f00000|  0%| F|  |TAMS 0x00000000a2e00000| PB 0x00000000a2e00000| Untracked 
|  17|0x00000000a2f00000, 0x00000000a2f51730, 0x00000000a3000000| 31%| O|  |TAMS 0x00000000a2f00000| PB 0x00000000a2f00000| Untracked 
|  18|0x00000000a3000000, 0x00000000a3100000, 0x00000000a3100000|100%| O|  |TAMS 0x00000000a3000000| PB 0x00000000a3000000| Untracked 
|  19|0x00000000a3100000, 0x00000000a3200000, 0x00000000a3200000|100%| O|  |TAMS 0x00000000a3100000| PB 0x00000000a3100000| Untracked 
|  20|0x00000000a3200000, 0x00000000a3300000, 0x00000000a3300000|100%| O|  |TAMS 0x00000000a3200000| PB 0x00000000a3200000| Untracked 
|  21|0x00000000a3300000, 0x00000000a3400000, 0x00000000a3400000|100%| O|  |TAMS 0x00000000a3300000| PB 0x00000000a3300000| Untracked 
|  22|0x00000000a3400000, 0x00000000a3500000, 0x00000000a3500000|100%| O|  |TAMS 0x00000000a3400000| PB 0x00000000a3400000| Untracked 
|  23|0x00000000a3500000, 0x00000000a3600000, 0x00000000a3600000|100%| O|  |TAMS 0x00000000a3500000| PB 0x00000000a3500000| Untracked 
|  24|0x00000000a3600000, 0x00000000a3700000, 0x00000000a3700000|100%| O|  |TAMS 0x00000000a3600000| PB 0x00000000a3600000| Untracked 
|  25|0x00000000a3700000, 0x00000000a3800000, 0x00000000a3800000|100%| O|  |TAMS 0x00000000a3700000| PB 0x00000000a3700000| Untracked 
|  26|0x00000000a3800000, 0x00000000a3900000, 0x00000000a3900000|100%| O|  |TAMS 0x00000000a3800000| PB 0x00000000a3800000| Untracked 
|  27|0x00000000a3900000, 0x00000000a3a00000, 0x00000000a3a00000|100%| O|  |TAMS 0x00000000a3900000| PB 0x00000000a3900000| Untracked 
|  28|0x00000000a3a00000, 0x00000000a3b00000, 0x00000000a3b00000|100%| O|  |TAMS 0x00000000a3a00000| PB 0x00000000a3a00000| Untracked 
|  29|0x00000000a3b00000, 0x00000000a3c00000, 0x00000000a3c00000|100%| O|  |TAMS 0x00000000a3b00000| PB 0x00000000a3b00000| Untracked 
|  30|0x00000000a3c00000, 0x00000000a3d00000, 0x00000000a3d00000|100%| O|  |TAMS 0x00000000a3c00000| PB 0x00000000a3c00000| Untracked 
|  31|0x00000000a3d00000, 0x00000000a3e00000, 0x00000000a3e00000|100%| O|  |TAMS 0x00000000a3d00000| PB 0x00000000a3d00000| Untracked 
|  32|0x00000000a3e00000, 0x00000000a3f00000, 0x00000000a3f00000|100%| O|  |TAMS 0x00000000a3e00000| PB 0x00000000a3e00000| Untracked 
|  33|0x00000000a3f00000, 0x00000000a4000000, 0x00000000a4000000|100%| O|  |TAMS 0x00000000a3f00000| PB 0x00000000a3f00000| Untracked 
|  34|0x00000000a4000000, 0x00000000a4000000, 0x00000000a4100000|  0%| F|  |TAMS 0x00000000a4000000| PB 0x00000000a4000000| Untracked 
|  35|0x00000000a4100000, 0x00000000a4200000, 0x00000000a4200000|100%| O|  |TAMS 0x00000000a4100000| PB 0x00000000a4100000| Untracked 
|  36|0x00000000a4200000, 0x00000000a4300000, 0x00000000a4300000|100%| O|  |TAMS 0x00000000a4200000| PB 0x00000000a4200000| Untracked 
|  37|0x00000000a4300000, 0x00000000a4400000, 0x00000000a4400000|100%| O|  |TAMS 0x00000000a4300000| PB 0x00000000a4300000| Untracked 
|  38|0x00000000a4400000, 0x00000000a4500000, 0x00000000a4500000|100%| O|  |TAMS 0x00000000a4400000| PB 0x00000000a4400000| Untracked 
|  39|0x00000000a4500000, 0x00000000a4600000, 0x00000000a4600000|100%| O|  |TAMS 0x00000000a4500000| PB 0x00000000a4500000| Untracked 
|  40|0x00000000a4600000, 0x00000000a4700000, 0x00000000a4700000|100%| O|  |TAMS 0x00000000a4600000| PB 0x00000000a4600000| Untracked 
|  41|0x00000000a4700000, 0x00000000a4800000, 0x00000000a4800000|100%| O|  |TAMS 0x00000000a4700000| PB 0x00000000a4700000| Untracked 
|  42|0x00000000a4800000, 0x00000000a4900000, 0x00000000a4900000|100%| O|  |TAMS 0x00000000a4800000| PB 0x00000000a4800000| Untracked 
|  43|0x00000000a4900000, 0x00000000a4a00000, 0x00000000a4a00000|100%| O|  |TAMS 0x00000000a4900000| PB 0x00000000a4900000| Untracked 
|  44|0x00000000a4a00000, 0x00000000a4a00000, 0x00000000a4b00000|  0%| F|  |TAMS 0x00000000a4a00000| PB 0x00000000a4a00000| Untracked 
|  45|0x00000000a4b00000, 0x00000000a4b00000, 0x00000000a4c00000|  0%| F|  |TAMS 0x00000000a4b00000| PB 0x00000000a4b00000| Untracked 
|  46|0x00000000a4c00000, 0x00000000a4c00000, 0x00000000a4d00000|  0%| F|  |TAMS 0x00000000a4c00000| PB 0x00000000a4c00000| Untracked 
|  47|0x00000000a4d00000, 0x00000000a4e00000, 0x00000000a4e00000|100%| O|  |TAMS 0x00000000a4d00000| PB 0x00000000a4d00000| Untracked 
|  48|0x00000000a4e00000, 0x00000000a4e00000, 0x00000000a4f00000|  0%| F|  |TAMS 0x00000000a4e00000| PB 0x00000000a4e00000| Untracked 
|  49|0x00000000a4f00000, 0x00000000a4f00000, 0x00000000a5000000|  0%| F|  |TAMS 0x00000000a4f00000| PB 0x00000000a4f00000| Untracked 
|  50|0x00000000a5000000, 0x00000000a5052ff8, 0x00000000a5100000| 32%| S|CS|TAMS 0x00000000a5000000| PB 0x00000000a5000000| Complete 
|  51|0x00000000a5100000, 0x00000000a5100000, 0x00000000a5200000|  0%| F|  |TAMS 0x00000000a5100000| PB 0x00000000a5100000| Untracked 
|  52|0x00000000a5200000, 0x00000000a5200000, 0x00000000a5300000|  0%| F|  |TAMS 0x00000000a5200000| PB 0x00000000a5200000| Untracked 
|  53|0x00000000a5300000, 0x00000000a5300000, 0x00000000a5400000|  0%| F|  |TAMS 0x00000000a5300000| PB 0x00000000a5300000| Untracked 
|  54|0x00000000a5400000, 0x00000000a5400000, 0x00000000a5500000|  0%| F|  |TAMS 0x00000000a5400000| PB 0x00000000a5400000| Untracked 
|  55|0x00000000a5500000, 0x00000000a5500000, 0x00000000a5600000|  0%| F|  |TAMS 0x00000000a5500000| PB 0x00000000a5500000| Untracked 
|  56|0x00000000a5600000, 0x00000000a5600000, 0x00000000a5700000|  0%| F|  |TAMS 0x00000000a5600000| PB 0x00000000a5600000| Untracked 
|  57|0x00000000a5700000, 0x00000000a5700000, 0x00000000a5800000|  0%| F|  |TAMS 0x00000000a5700000| PB 0x00000000a5700000| Untracked 
|  58|0x00000000a5800000, 0x00000000a5800000, 0x00000000a5900000|  0%| F|  |TAMS 0x00000000a5800000| PB 0x00000000a5800000| Untracked 
|  59|0x00000000a5900000, 0x00000000a5900000, 0x00000000a5a00000|  0%| F|  |TAMS 0x00000000a5900000| PB 0x00000000a5900000| Untracked 
|  60|0x00000000a5a00000, 0x00000000a5a00000, 0x00000000a5b00000|  0%| F|  |TAMS 0x00000000a5a00000| PB 0x00000000a5a00000| Untracked 
|  61|0x00000000a5b00000, 0x00000000a5b00000, 0x00000000a5c00000|  0%| F|  |TAMS 0x00000000a5b00000| PB 0x00000000a5b00000| Untracked 
|  62|0x00000000a5c00000, 0x00000000a5c00000, 0x00000000a5d00000|  0%| F|  |TAMS 0x00000000a5c00000| PB 0x00000000a5c00000| Untracked 
|  63|0x00000000a5d00000, 0x00000000a5d00000, 0x00000000a5e00000|  0%| F|  |TAMS 0x00000000a5d00000| PB 0x00000000a5d00000| Untracked 
|  64|0x00000000a5e00000, 0x00000000a5e00000, 0x00000000a5f00000|  0%| F|  |TAMS 0x00000000a5e00000| PB 0x00000000a5e00000| Untracked 
|  65|0x00000000a5f00000, 0x00000000a5f00000, 0x00000000a6000000|  0%| F|  |TAMS 0x00000000a5f00000| PB 0x00000000a5f00000| Untracked 
|  66|0x00000000a6000000, 0x00000000a6000000, 0x00000000a6100000|  0%| F|  |TAMS 0x00000000a6000000| PB 0x00000000a6000000| Untracked 
|  67|0x00000000a6100000, 0x00000000a6100000, 0x00000000a6200000|  0%| F|  |TAMS 0x00000000a6100000| PB 0x00000000a6100000| Untracked 
|  68|0x00000000a6200000, 0x00000000a6200000, 0x00000000a6300000|  0%| F|  |TAMS 0x00000000a6200000| PB 0x00000000a6200000| Untracked 
|  69|0x00000000a6300000, 0x00000000a6300000, 0x00000000a6400000|  0%| F|  |TAMS 0x00000000a6300000| PB 0x00000000a6300000| Untracked 
|  70|0x00000000a6400000, 0x00000000a6400000, 0x00000000a6500000|  0%| F|  |TAMS 0x00000000a6400000| PB 0x00000000a6400000| Untracked 
|  71|0x00000000a6500000, 0x00000000a6500000, 0x00000000a6600000|  0%| F|  |TAMS 0x00000000a6500000| PB 0x00000000a6500000| Untracked 
|  72|0x00000000a6600000, 0x00000000a6600000, 0x00000000a6700000|  0%| F|  |TAMS 0x00000000a6600000| PB 0x00000000a6600000| Untracked 
|  73|0x00000000a6700000, 0x00000000a6700000, 0x00000000a6800000|  0%| F|  |TAMS 0x00000000a6700000| PB 0x00000000a6700000| Untracked 
|  74|0x00000000a6800000, 0x00000000a6800000, 0x00000000a6900000|  0%| F|  |TAMS 0x00000000a6800000| PB 0x00000000a6800000| Untracked 
|  75|0x00000000a6900000, 0x00000000a6900000, 0x00000000a6a00000|  0%| F|  |TAMS 0x00000000a6900000| PB 0x00000000a6900000| Untracked 
|  76|0x00000000a6a00000, 0x00000000a6a00000, 0x00000000a6b00000|  0%| F|  |TAMS 0x00000000a6a00000| PB 0x00000000a6a00000| Untracked 
|  77|0x00000000a6b00000, 0x00000000a6b00000, 0x00000000a6c00000|  0%| F|  |TAMS 0x00000000a6b00000| PB 0x00000000a6b00000| Untracked 
|  78|0x00000000a6c00000, 0x00000000a6c00000, 0x00000000a6d00000|  0%| F|  |TAMS 0x00000000a6c00000| PB 0x00000000a6c00000| Untracked 
|  79|0x00000000a6d00000, 0x00000000a6d00000, 0x00000000a6e00000|  0%| F|  |TAMS 0x00000000a6d00000| PB 0x00000000a6d00000| Untracked 
|  80|0x00000000a6e00000, 0x00000000a6e00000, 0x00000000a6f00000|  0%| F|  |TAMS 0x00000000a6e00000| PB 0x00000000a6e00000| Untracked 
|  81|0x00000000a6f00000, 0x00000000a6f00000, 0x00000000a7000000|  0%| F|  |TAMS 0x00000000a6f00000| PB 0x00000000a6f00000| Untracked 
|  82|0x00000000a7000000, 0x00000000a7000000, 0x00000000a7100000|  0%| F|  |TAMS 0x00000000a7000000| PB 0x00000000a7000000| Untracked 
|  83|0x00000000a7100000, 0x00000000a7100000, 0x00000000a7200000|  0%| F|  |TAMS 0x00000000a7100000| PB 0x00000000a7100000| Untracked 
|  84|0x00000000a7200000, 0x00000000a7200000, 0x00000000a7300000|  0%| F|  |TAMS 0x00000000a7200000| PB 0x00000000a7200000| Untracked 
|  85|0x00000000a7300000, 0x00000000a7300000, 0x00000000a7400000|  0%| F|  |TAMS 0x00000000a7300000| PB 0x00000000a7300000| Untracked 
|  86|0x00000000a7400000, 0x00000000a7400000, 0x00000000a7500000|  0%| F|  |TAMS 0x00000000a7400000| PB 0x00000000a7400000| Untracked 
|  87|0x00000000a7500000, 0x00000000a7500000, 0x00000000a7600000|  0%| F|  |TAMS 0x00000000a7500000| PB 0x00000000a7500000| Untracked 
|  88|0x00000000a7600000, 0x00000000a7600000, 0x00000000a7700000|  0%| F|  |TAMS 0x00000000a7600000| PB 0x00000000a7600000| Untracked 
|  89|0x00000000a7700000, 0x00000000a7700000, 0x00000000a7800000|  0%| F|  |TAMS 0x00000000a7700000| PB 0x00000000a7700000| Untracked 
|  90|0x00000000a7800000, 0x00000000a7800000, 0x00000000a7900000|  0%| F|  |TAMS 0x00000000a7800000| PB 0x00000000a7800000| Untracked 
|  91|0x00000000a7900000, 0x00000000a7900000, 0x00000000a7a00000|  0%| F|  |TAMS 0x00000000a7900000| PB 0x00000000a7900000| Untracked 
|  92|0x00000000a7a00000, 0x00000000a7a00000, 0x00000000a7b00000|  0%| F|  |TAMS 0x00000000a7a00000| PB 0x00000000a7a00000| Untracked 
|  93|0x00000000a7b00000, 0x00000000a7b00000, 0x00000000a7c00000|  0%| F|  |TAMS 0x00000000a7b00000| PB 0x00000000a7b00000| Untracked 
|  94|0x00000000a7c00000, 0x00000000a7c00000, 0x00000000a7d00000|  0%| F|  |TAMS 0x00000000a7c00000| PB 0x00000000a7c00000| Untracked 
|  95|0x00000000a7d00000, 0x00000000a7d00000, 0x00000000a7e00000|  0%| F|  |TAMS 0x00000000a7d00000| PB 0x00000000a7d00000| Untracked 
|  96|0x00000000a7e00000, 0x00000000a7e00000, 0x00000000a7f00000|  0%| F|  |TAMS 0x00000000a7e00000| PB 0x00000000a7e00000| Untracked 
|  97|0x00000000a7f00000, 0x00000000a7f00000, 0x00000000a8000000|  0%| F|  |TAMS 0x00000000a7f00000| PB 0x00000000a7f00000| Untracked 
|  98|0x00000000a8000000, 0x00000000a8000000, 0x00000000a8100000|  0%| F|  |TAMS 0x00000000a8000000| PB 0x00000000a8000000| Untracked 
|  99|0x00000000a8100000, 0x00000000a8100000, 0x00000000a8200000|  0%| F|  |TAMS 0x00000000a8100000| PB 0x00000000a8100000| Untracked 
| 100|0x00000000a8200000, 0x00000000a8200000, 0x00000000a8300000|  0%| F|  |TAMS 0x00000000a8200000| PB 0x00000000a8200000| Untracked 
| 101|0x00000000a8300000, 0x00000000a8300000, 0x00000000a8400000|  0%| F|  |TAMS 0x00000000a8300000| PB 0x00000000a8300000| Untracked 
| 102|0x00000000a8400000, 0x00000000a8400000, 0x00000000a8500000|  0%| F|  |TAMS 0x00000000a8400000| PB 0x00000000a8400000| Untracked 
| 103|0x00000000a8500000, 0x00000000a8500000, 0x00000000a8600000|  0%| F|  |TAMS 0x00000000a8500000| PB 0x00000000a8500000| Untracked 
| 104|0x00000000a8600000, 0x00000000a8600000, 0x00000000a8700000|  0%| F|  |TAMS 0x00000000a8600000| PB 0x00000000a8600000| Untracked 
| 105|0x00000000a8700000, 0x00000000a8700000, 0x00000000a8800000|  0%| F|  |TAMS 0x00000000a8700000| PB 0x00000000a8700000| Untracked 
| 106|0x00000000a8800000, 0x00000000a8800000, 0x00000000a8900000|  0%| F|  |TAMS 0x00000000a8800000| PB 0x00000000a8800000| Untracked 
| 107|0x00000000a8900000, 0x00000000a8900000, 0x00000000a8a00000|  0%| F|  |TAMS 0x00000000a8900000| PB 0x00000000a8900000| Untracked 
| 108|0x00000000a8a00000, 0x00000000a8a00000, 0x00000000a8b00000|  0%| F|  |TAMS 0x00000000a8a00000| PB 0x00000000a8a00000| Untracked 
| 109|0x00000000a8b00000, 0x00000000a8b00000, 0x00000000a8c00000|  0%| F|  |TAMS 0x00000000a8b00000| PB 0x00000000a8b00000| Untracked 
| 110|0x00000000a8c00000, 0x00000000a8c00000, 0x00000000a8d00000|  0%| F|  |TAMS 0x00000000a8c00000| PB 0x00000000a8c00000| Untracked 
| 111|0x00000000a8d00000, 0x00000000a8d00000, 0x00000000a8e00000|  0%| F|  |TAMS 0x00000000a8d00000| PB 0x00000000a8d00000| Untracked 
| 112|0x00000000a8e00000, 0x00000000a8e00000, 0x00000000a8f00000|  0%| F|  |TAMS 0x00000000a8e00000| PB 0x00000000a8e00000| Untracked 
| 113|0x00000000a8f00000, 0x00000000a8f00000, 0x00000000a9000000|  0%| F|  |TAMS 0x00000000a8f00000| PB 0x00000000a8f00000| Untracked 
| 114|0x00000000a9000000, 0x00000000a90f5830, 0x00000000a9100000| 95%| E|  |TAMS 0x00000000a9000000| PB 0x00000000a9000000| Complete 
| 115|0x00000000a9100000, 0x00000000a9200000, 0x00000000a9200000|100%| E|CS|TAMS 0x00000000a9100000| PB 0x00000000a9100000| Complete 
| 116|0x00000000a9200000, 0x00000000a9300000, 0x00000000a9300000|100%| E|CS|TAMS 0x00000000a9200000| PB 0x00000000a9200000| Complete 
| 117|0x00000000a9300000, 0x00000000a9400000, 0x00000000a9400000|100%| E|CS|TAMS 0x00000000a9300000| PB 0x00000000a9300000| Complete 

Card table byte_map: [0x00000210b0a30000,0x00000210b0d30000] _byte_map_base: 0x00000210b0521000

Marking Bits: (CMBitMap*) 0x0000021099000490
 Bits: [0x00000210b0d30000, 0x00000210b24b8000)

Polling page: 0x0000021096f40000

Metaspace:

Usage:
  Non-class:     82.78 MB used.
      Class:     12.38 MB used.
       Both:     95.17 MB used.

Virtual space:
  Non-class space:      128.00 MB reserved,      83.19 MB ( 65%) committed,  2 nodes.
      Class space:        1.00 GB reserved,      12.75 MB (  1%) committed,  1 nodes.
             Both:        1.12 GB reserved,      95.94 MB (  8%) committed. 

Chunk freelists:
   Non-Class:  11.99 MB
       Class:  3.23 MB
        Both:  15.21 MB

MaxMetaspaceSize: unlimited
CompressedClassSpaceSize: 1.00 GB
Initial GC threshold: 21.00 MB
Current GC threshold: 159.62 MB
CDS: on
 - commit_granule_bytes: 65536.
 - commit_granule_words: 8192.
 - virtual_space_node_default_size: 8388608.
 - enlarge_chunks_in_place: 1.
 - use_allocation_guard: 0.


Internal statistics:

num_allocs_failed_limit: 9.
num_arena_births: 1766.
num_arena_deaths: 598.
num_vsnodes_births: 3.
num_vsnodes_deaths: 0.
num_space_committed: 1535.
num_space_uncommitted: 0.
num_chunks_returned_to_freelist: 700.
num_chunks_taken_from_freelist: 5930.
num_chunk_merges: 178.
num_chunk_splits: 3778.
num_chunks_enlarged: 2771.
num_inconsistent_stats: 0.

CodeHeap 'non-profiled nmethods': size=120000Kb used=10765Kb max_used=10765Kb free=109234Kb
 bounds [0x00000210a8ed0000, 0x00000210a99c0000, 0x00000210b0400000]
CodeHeap 'profiled nmethods': size=120000Kb used=5687Kb max_used=18808Kb free=114312Kb
 bounds [0x00000210a1400000, 0x00000210a2690000, 0x00000210a8930000]
CodeHeap 'non-nmethods': size=5760Kb used=1786Kb max_used=1844Kb free=3973Kb
 bounds [0x00000210a8930000, 0x00000210a8ba0000, 0x00000210a8ed0000]
 total_blobs=5185 nmethods=4393 adapters=694
 compilation: enabled
              stopped_count=0, restarted_count=0
 full_count=0

Compilation events (20 events):
Event: 11942.382 Thread 0x00000210b4ed20b0 20468   !   3       ch.qos.logback.classic.spi.PackagingDataCalculator::loadClass (25 bytes)
Event: 11942.382 Thread 0x00000210b4ed20b0 nmethod 20468 0x00000210a154db10 code [0x00000210a154dd00, 0x00000210a154e1e0]
Event: 11942.383 Thread 0x00000210b4ed20b0 20469       3       org.apache.catalina.loader.WebappClassLoaderBase::loadClass (7 bytes)
Event: 11942.384 Thread 0x00000210b4ed20b0 nmethod 20469 0x00000210a14c6510 code [0x00000210a14c66c0, 0x00000210a14c6898]
Event: 11942.385 Thread 0x00000210b4ed20b0 20470   !   3       org.springframework.boot.web.embedded.tomcat.TomcatEmbeddedWebappClassLoader::loadClass (73 bytes)
Event: 11942.386 Thread 0x00000210b4ed20b0 nmethod 20470 0x00000210a1827c10 code [0x00000210a1827e80, 0x00000210a1828850]
Event: 11942.386 Thread 0x00000210b4ed20b0 20471       3       org.springframework.boot.web.embedded.tomcat.TomcatEmbeddedWebappClassLoader::doLoadClass (56 bytes)
Event: 11942.388 Thread 0x00000210b4ed20b0 nmethod 20471 0x00000210a16b6710 code [0x00000210a16b6960, 0x00000210a16b71e8]
Event: 11942.394 Thread 0x00000210b4ed20b0 20472       3       ch.qos.logback.classic.spi.ThrowableProxyUtil::indent (21 bytes)
Event: 11942.394 Thread 0x00000210b4ed20b0 nmethod 20472 0x00000210a14a8690 code [0x00000210a14a8840, 0x00000210a14a8a98]
Event: 11942.394 Thread 0x00000210b4ed20b0 20473       3       java.lang.StackTraceElement::dropClassLoaderName (16 bytes)
Event: 11942.395 Thread 0x00000210b4ed20b0 nmethod 20473 0x00000210a1656390 code [0x00000210a1656520, 0x00000210a1656690]
Event: 11942.395 Thread 0x00000210b4ed20b0 20474       3       java.lang.StackTraceElement::isNativeMethod (15 bytes)
Event: 11942.395 Thread 0x00000210b4ed20b0 nmethod 20474 0x00000210a1659410 code [0x00000210a16595a0, 0x00000210a1659708]
Event: 11942.395 Thread 0x00000210b4ed20b0 20475       3       java.lang.StackTraceElement::toString (298 bytes)
Event: 11942.399 Thread 0x00000210b4ed20b0 nmethod 20475 0x00000210a1f68a90 code [0x00000210a1f68f40, 0x00000210a1f6af08]
Event: 11942.409 Thread 0x00000210b4ed20b0 20476       3       org.springframework.core.annotation.AbstractMergedAnnotation::getValue (10 bytes)
Event: 11942.410 Thread 0x00000210b4ed20b0 nmethod 20476 0x00000210a14fec10 code [0x00000210a14fede0, 0x00000210a14ff1d0]
Event: 11942.413 Thread 0x00000210b4ed20b0 20477       3       com.fasterxml.jackson.core.json.UTF8JsonGenerator::_writeStringSegment (122 bytes)
Event: 11942.415 Thread 0x00000210b4ed20b0 nmethod 20477 0x00000210a14c4a10 code [0x00000210a14c4c80, 0x00000210a14c5580]

GC Heap History (20 events):
Event: 11919.047 GC heap before
{Heap before GC invocations=163 (full 0):
 garbage-first heap   total 120832K, used 111266K [0x00000000a1e00000, 0x0000000100000000)
  region size 1024K, 67 young (68608K), 1 survivors (1024K)
 Metaspace       used 97410K, committed 98176K, reserved 1179648K
  class space    used 12678K, committed 13056K, reserved 1048576K
}
Event: 11919.049 GC heap after
{Heap after GC invocations=164 (full 0):
 garbage-first heap   total 120832K, used 43840K [0x00000000a1e00000, 0x0000000100000000)
  region size 1024K, 1 young (1024K), 1 survivors (1024K)
 Metaspace       used 97410K, committed 98176K, reserved 1179648K
  class space    used 12678K, committed 13056K, reserved 1048576K
}
Event: 11924.951 GC heap before
{Heap before GC invocations=164 (full 0):
 garbage-first heap   total 120832K, used 111424K [0x00000000a1e00000, 0x0000000100000000)
  region size 1024K, 67 young (68608K), 1 survivors (1024K)
 Metaspace       used 97410K, committed 98176K, reserved 1179648K
  class space    used 12678K, committed 13056K, reserved 1048576K
}
Event: 11924.959 GC heap after
{Heap after GC invocations=165 (full 0):
 garbage-first heap   total 120832K, used 43644K [0x00000000a1e00000, 0x0000000100000000)
  region size 1024K, 1 young (1024K), 1 survivors (1024K)
 Metaspace       used 97410K, committed 98176K, reserved 1179648K
  class space    used 12678K, committed 13056K, reserved 1048576K
}
Event: 11927.144 GC heap before
{Heap before GC invocations=165 (full 0):
 garbage-first heap   total 120832K, used 111228K [0x00000000a1e00000, 0x0000000100000000)
  region size 1024K, 67 young (68608K), 1 survivors (1024K)
 Metaspace       used 97410K, committed 98176K, reserved 1179648K
  class space    used 12678K, committed 13056K, reserved 1048576K
}
Event: 11927.152 GC heap after
{Heap after GC invocations=166 (full 0):
 garbage-first heap   total 120832K, used 43684K [0x00000000a1e00000, 0x0000000100000000)
  region size 1024K, 1 young (1024K), 1 survivors (1024K)
 Metaspace       used 97410K, committed 98176K, reserved 1179648K
  class space    used 12678K, committed 13056K, reserved 1048576K
}
Event: 11929.499 GC heap before
{Heap before GC invocations=167 (full 0):
 garbage-first heap   total 120832K, used 111268K [0x00000000a1e00000, 0x0000000100000000)
  region size 1024K, 67 young (68608K), 1 survivors (1024K)
 Metaspace       used 97410K, committed 98176K, reserved 1179648K
  class space    used 12678K, committed 13056K, reserved 1048576K
}
Event: 11929.501 GC heap after
{Heap after GC invocations=168 (full 0):
 garbage-first heap   total 120832K, used 43680K [0x00000000a1e00000, 0x0000000100000000)
  region size 1024K, 1 young (1024K), 1 survivors (1024K)
 Metaspace       used 97410K, committed 98176K, reserved 1179648K
  class space    used 12678K, committed 13056K, reserved 1048576K
}
Event: 11931.696 GC heap before
{Heap before GC invocations=168 (full 0):
 garbage-first heap   total 120832K, used 111264K [0x00000000a1e00000, 0x0000000100000000)
  region size 1024K, 67 young (68608K), 1 survivors (1024K)
 Metaspace       used 97419K, committed 98176K, reserved 1179648K
  class space    used 12679K, committed 13056K, reserved 1048576K
}
Event: 11931.703 GC heap after
{Heap after GC invocations=169 (full 0):
 garbage-first heap   total 120832K, used 43600K [0x00000000a1e00000, 0x0000000100000000)
  region size 1024K, 1 young (1024K), 1 survivors (1024K)
 Metaspace       used 97419K, committed 98176K, reserved 1179648K
  class space    used 12679K, committed 13056K, reserved 1048576K
}
Event: 11933.860 GC heap before
{Heap before GC invocations=169 (full 0):
 garbage-first heap   total 120832K, used 111184K [0x00000000a1e00000, 0x0000000100000000)
  region size 1024K, 67 young (68608K), 1 survivors (1024K)
 Metaspace       used 97429K, committed 98176K, reserved 1179648K
  class space    used 12679K, committed 13056K, reserved 1048576K
}
Event: 11933.863 GC heap after
{Heap after GC invocations=170 (full 0):
 garbage-first heap   total 120832K, used 43617K [0x00000000a1e00000, 0x0000000100000000)
  region size 1024K, 1 young (1024K), 1 survivors (1024K)
 Metaspace       used 97429K, committed 98176K, reserved 1179648K
  class space    used 12679K, committed 13056K, reserved 1048576K
}
Event: 11936.593 GC heap before
{Heap before GC invocations=171 (full 0):
 garbage-first heap   total 120832K, used 111201K [0x00000000a1e00000, 0x0000000100000000)
  region size 1024K, 67 young (68608K), 1 survivors (1024K)
 Metaspace       used 97431K, committed 98176K, reserved 1179648K
  class space    used 12679K, committed 13056K, reserved 1048576K
}
Event: 11936.596 GC heap after
{Heap after GC invocations=172 (full 0):
 garbage-first heap   total 120832K, used 43623K [0x00000000a1e00000, 0x0000000100000000)
  region size 1024K, 1 young (1024K), 1 survivors (1024K)
 Metaspace       used 97431K, committed 98176K, reserved 1179648K
  class space    used 12679K, committed 13056K, reserved 1048576K
}
Event: 11938.654 GC heap before
{Heap before GC invocations=172 (full 0):
 garbage-first heap   total 120832K, used 111207K [0x00000000a1e00000, 0x0000000100000000)
  region size 1024K, 67 young (68608K), 1 survivors (1024K)
 Metaspace       used 97431K, committed 98176K, reserved 1179648K
  class space    used 12679K, committed 13056K, reserved 1048576K
}
Event: 11938.658 GC heap after
{Heap after GC invocations=173 (full 0):
 garbage-first heap   total 120832K, used 43542K [0x00000000a1e00000, 0x0000000100000000)
  region size 1024K, 1 young (1024K), 1 survivors (1024K)
 Metaspace       used 97431K, committed 98176K, reserved 1179648K
  class space    used 12679K, committed 13056K, reserved 1048576K
}
Event: 11940.716 GC heap before
{Heap before GC invocations=173 (full 0):
 garbage-first heap   total 120832K, used 111126K [0x00000000a1e00000, 0x0000000100000000)
  region size 1024K, 67 young (68608K), 1 survivors (1024K)
 Metaspace       used 97432K, committed 98176K, reserved 1179648K
  class space    used 12679K, committed 13056K, reserved 1048576K
}
Event: 11940.719 GC heap after
{Heap after GC invocations=174 (full 0):
 garbage-first heap   total 120832K, used 43512K [0x00000000a1e00000, 0x0000000100000000)
  region size 1024K, 1 young (1024K), 1 survivors (1024K)
 Metaspace       used 97432K, committed 98176K, reserved 1179648K
  class space    used 12679K, committed 13056K, reserved 1048576K
}
Event: 11942.374 GC heap before
{Heap before GC invocations=175 (full 0):
 garbage-first heap   total 120832K, used 111096K [0x00000000a1e00000, 0x0000000100000000)
  region size 1024K, 67 young (68608K), 1 survivors (1024K)
 Metaspace       used 97433K, committed 98176K, reserved 1179648K
  class space    used 12679K, committed 13056K, reserved 1048576K
}
Event: 11942.377 GC heap after
{Heap after GC invocations=176 (full 0):
 garbage-first heap   total 120832K, used 43665K [0x00000000a1e00000, 0x0000000100000000)
  region size 1024K, 1 young (1024K), 1 survivors (1024K)
 Metaspace       used 97433K, committed 98176K, reserved 1179648K
  class space    used 12679K, committed 13056K, reserved 1048576K
}

Dll operation events (14 events):
Event: 0.020 Loaded shared library C:\Users\Samuele Toscano\.jdks\openjdk-21.0.2\bin\java.dll
Event: 0.074 Loaded shared library C:\Users\Samuele Toscano\.jdks\openjdk-21.0.2\bin\jsvml.dll
Event: 0.283 Loaded shared library C:\Users\Samuele Toscano\.jdks\openjdk-21.0.2\bin\zip.dll
Event: 0.291 Loaded shared library C:\Users\Samuele Toscano\.jdks\openjdk-21.0.2\bin\instrument.dll
Event: 0.304 Loaded shared library C:\Users\Samuele Toscano\.jdks\openjdk-21.0.2\bin\net.dll
Event: 0.307 Loaded shared library C:\Users\Samuele Toscano\.jdks\openjdk-21.0.2\bin\nio.dll
Event: 0.315 Loaded shared library C:\Users\Samuele Toscano\.jdks\openjdk-21.0.2\bin\zip.dll
Event: 1.222 Loaded shared library C:\Program Files\JetBrains\IntelliJ IDEA Community Edition 2023.3.2\bin\breakgen64.dll
Event: 1.241 Loaded shared library C:\Users\Samuele Toscano\.jdks\openjdk-21.0.2\bin\extnet.dll
Event: 1.318 Loaded shared library C:\Users\Samuele Toscano\.jdks\openjdk-21.0.2\bin\verify.dll
Event: 1.337 Loaded shared library C:\Users\Samuele Toscano\.jdks\openjdk-21.0.2\bin\jimage.dll
Event: 2.189 Loaded shared library C:\Users\Samuele Toscano\.jdks\openjdk-21.0.2\bin\management.dll
Event: 2.192 Loaded shared library C:\Users\Samuele Toscano\.jdks\openjdk-21.0.2\bin\management_ext.dll
Event: 4.640 Loaded shared library C:\Users\Samuele Toscano\.jdks\openjdk-21.0.2\bin\sunmscapi.dll

Deoptimization events (20 events):
Event: 11900.575 Thread 0x000002108016d6f0 Uncommon trap: trap_request=0xffffffd6 fr.pc=0x00000210a8faf528 relative=0x00000000000002c8
Event: 11900.575 Thread 0x000002108016d6f0 Uncommon trap: reason=array_check action=maybe_recompile pc=0x00000210a8faf528 method=org.apache.coyote.http11.Http11InputBuffer.addActiveFilter(Lorg/apache/coyote/http11/InputFilter;)V @ 79 c2
Event: 11900.575 Thread 0x000002108016d6f0 DEOPT PACKING pc=0x00000210a8faf528 sp=0x00000054a8cff050
Event: 11900.575 Thread 0x000002108016d6f0 DEOPT UNPACKING pc=0x00000210a89846a2 sp=0x00000054a8cfeff8 mode 2
Event: 11904.598 Thread 0x0000021080171200 Uncommon trap: trap_request=0xfffffff4 fr.pc=0x00000210a91889ac relative=0x0000000000001d8c
Event: 11904.598 Thread 0x0000021080171200 Uncommon trap: reason=null_check action=make_not_entrant pc=0x00000210a91889ac method=com.fasterxml.jackson.core.util.BufferRecycler.allocCharBuffer(II)[C @ 22 c2
Event: 11904.598 Thread 0x0000021080171200 DEOPT PACKING pc=0x00000210a91889ac sp=0x00000054a88fb9e0
Event: 11904.598 Thread 0x0000021080171200 DEOPT UNPACKING pc=0x00000210a89846a2 sp=0x00000054a88fb758 mode 2
Event: 11912.098 Thread 0x0000021080173ff0 Uncommon trap: trap_request=0xfffffff4 fr.pc=0x00000210a923cbe4 relative=0x00000000000004a4
Event: 11912.098 Thread 0x0000021080173ff0 Uncommon trap: reason=null_check action=make_not_entrant pc=0x00000210a923cbe4 method=com.fasterxml.jackson.core.util.RecyclerPool$LockFreePoolBase.acquirePooled()Lcom/fasterxml/jackson/core/util/RecyclerPool$WithPool; @ 14 c2
Event: 11912.098 Thread 0x0000021080173ff0 DEOPT PACKING pc=0x00000210a923cbe4 sp=0x00000054a86fbff0
Event: 11912.098 Thread 0x0000021080173ff0 DEOPT UNPACKING pc=0x00000210a89846a2 sp=0x00000054a86fbf98 mode 2
Event: 11912.099 Thread 0x0000021080173ff0 Uncommon trap: trap_request=0xfffffff4 fr.pc=0x00000210a8fe2efc relative=0x000000000000023c
Event: 11912.099 Thread 0x0000021080173ff0 Uncommon trap: reason=null_check action=make_not_entrant pc=0x00000210a8fe2efc method=com.fasterxml.jackson.core.util.BufferRecycler.allocCharBuffer(II)[C @ 22 c2
Event: 11912.099 Thread 0x0000021080173ff0 DEOPT PACKING pc=0x00000210a8fe2efc sp=0x00000054a86fbfb0
Event: 11912.099 Thread 0x0000021080173ff0 DEOPT UNPACKING pc=0x00000210a89846a2 sp=0x00000054a86fbf58 mode 2
Event: 11934.458 Thread 0x00000210801725b0 Uncommon trap: trap_request=0xffffff45 fr.pc=0x00000210a902d48c relative=0x00000000000004cc
Event: 11934.458 Thread 0x00000210801725b0 Uncommon trap: reason=unstable_if action=reinterpret pc=0x00000210a902d48c method=java.util.concurrent.ConcurrentLinkedQueue.poll()Ljava/lang/Object; @ 24 c2
Event: 11934.458 Thread 0x00000210801725b0 DEOPT PACKING pc=0x00000210a902d48c sp=0x00000054a8dfc810
Event: 11934.458 Thread 0x00000210801725b0 DEOPT UNPACKING pc=0x00000210a89846a2 sp=0x00000054a8dfc7b8 mode 2

Classes loaded (20 events):
Event: 3523.054 Loading class javax/crypto/spec/PSource$PSpecified
Event: 3523.054 Loading class javax/crypto/spec/PSource$PSpecified done
Event: 3523.054 Loading class javax/crypto/spec/OAEPParameterSpec
Event: 3523.054 Loading class javax/crypto/spec/OAEPParameterSpec done
Event: 3523.082 Loading class java/util/zip/DeflaterOutputStream
Event: 3523.083 Loading class java/util/zip/DeflaterOutputStream done
Event: 3523.090 Loading class java/util/zip/GZIPOutputStream
Event: 3523.090 Loading class java/util/zip/GZIPOutputStream done
Event: 3523.447 Loading class java/time/format/DateTimeParseContext
Event: 3523.448 Loading class java/time/format/DateTimeParseContext done
Event: 3523.448 Loading class java/time/format/Parsed
Event: 3523.448 Loading class java/time/format/Parsed done
Event: 8932.898 Loading class java/util/ResourceBundle$Control$1
Event: 8932.901 Loading class java/util/ResourceBundle$Control$1 done
Event: 8932.914 Loading class java/text/MessageFormat$Field
Event: 8932.915 Loading class java/text/MessageFormat$Field done
Event: 11275.147 Loading class sun/util/locale/LocaleExtensions
Event: 11275.245 Loading class sun/util/locale/LocaleExtensions done
Event: 11558.576 Loading class sun/net/ConnectionResetException
Event: 11558.736 Loading class sun/net/ConnectionResetException done

Classes unloaded (20 events):
Event: 11425.067 Thread 0x00000210b4ea4080 Unloading class 0x00000210b6cbac00 'java/lang/invoke/LambdaForm$MH+0x00000210b6cbac00'
Event: 11425.069 Thread 0x00000210b4ea4080 Unloading class 0x00000210b6cba400 'java/lang/invoke/LambdaForm$MH+0x00000210b6cba400'
Event: 11425.069 Thread 0x00000210b4ea4080 Unloading class 0x00000210b6cba000 'java/lang/invoke/LambdaForm$MH+0x00000210b6cba000'
Event: 11425.069 Thread 0x00000210b4ea4080 Unloading class 0x00000210b6cb9c00 'java/lang/invoke/LambdaForm$MH+0x00000210b6cb9c00'
Event: 11425.069 Thread 0x00000210b4ea4080 Unloading class 0x00000210b6cb9400 'java/lang/invoke/LambdaForm$MH+0x00000210b6cb9400'
Event: 11425.069 Thread 0x00000210b4ea4080 Unloading class 0x00000210b6cb9000 'java/lang/invoke/LambdaForm$MH+0x00000210b6cb9000'
Event: 11425.069 Thread 0x00000210b4ea4080 Unloading class 0x00000210b6cb8800 'java/lang/invoke/LambdaForm$MH+0x00000210b6cb8800'
Event: 11425.069 Thread 0x00000210b4ea4080 Unloading class 0x00000210b6cb8400 'java/lang/invoke/LambdaForm$MH+0x00000210b6cb8400'
Event: 11425.069 Thread 0x00000210b4ea4080 Unloading class 0x00000210b6cb8000 'java/lang/invoke/LambdaForm$MH+0x00000210b6cb8000'
Event: 11425.069 Thread 0x00000210b4ea4080 Unloading class 0x00000210b6cb5800 'java/lang/invoke/LambdaForm$MH+0x00000210b6cb5800'
Event: 11425.069 Thread 0x00000210b4ea4080 Unloading class 0x00000210b6cb5400 'java/lang/invoke/LambdaForm$MH+0x00000210b6cb5400'
Event: 11425.069 Thread 0x00000210b4ea4080 Unloading class 0x00000210b6caf800 'java/lang/invoke/LambdaForm$MH+0x00000210b6caf800'
Event: 11425.069 Thread 0x00000210b4ea4080 Unloading class 0x00000210b6caec00 'java/lang/invoke/LambdaForm$MH+0x00000210b6caec00'
Event: 11425.069 Thread 0x00000210b4ea4080 Unloading class 0x00000210b6cae800 'java/lang/invoke/LambdaForm$MH+0x00000210b6cae800'
Event: 11425.069 Thread 0x00000210b4ea4080 Unloading class 0x00000210b6cae000 'java/lang/invoke/LambdaForm$MH+0x00000210b6cae000'
Event: 11425.069 Thread 0x00000210b4ea4080 Unloading class 0x00000210b6cadc00 'java/lang/invoke/LambdaForm$MH+0x00000210b6cadc00'
Event: 11425.070 Thread 0x00000210b4ea4080 Unloading class 0x00000210b6cad800 'java/lang/invoke/LambdaForm$MH+0x00000210b6cad800'
Event: 11425.070 Thread 0x00000210b4ea4080 Unloading class 0x00000210b6cad000 'java/lang/invoke/LambdaForm$MH+0x00000210b6cad000'
Event: 11425.070 Thread 0x00000210b4ea4080 Unloading class 0x00000210b6cacc00 'java/lang/invoke/LambdaForm$MH+0x00000210b6cacc00'
Event: 11425.070 Thread 0x00000210b4ea4080 Unloading class 0x00000210b6c99800 'java/lang/invoke/LambdaForm$MH+0x00000210b6c99800'

Classes redefined (0 events):
No events

Internal exceptions (20 events):
Event: 3519.017 Thread 0x000002108016dd80 Exception <a 'java/lang/NoSuchMethodError'{0x00000000a60832b8}: 'void java.lang.invoke.DirectMethodHandle$Holder.invokeStatic(java.lang.Object, int, java.lang.Object, java.lang.Object, java.lang.Object, java.lang.Object)'> (0x00000000a60832b8) 
thrown [s\open\src\hotspot\share\interpreter\linkResolver.cpp, line 773]
Event: 3523.290 Thread 0x000002108016e410 Implicit null exception at 0x00000210a92e03ec to 0x00000210a92e13a4
Event: 3554.342 Thread 0x00000210801725b0 Implicit null exception at 0x00000210a9025a8d to 0x00000210a9027740
Event: 4725.676 Thread 0x0000021080173ff0 Exception <a 'java/lang/IncompatibleClassChangeError'{0x00000000a6bfef98}: Found class java.lang.Object, but interface was expected> (0x00000000a6bfef98) 
thrown [s\open\src\hotspot\share\interpreter\linkResolver.cpp, line 840]
Event: 5397.353 Thread 0x000002108016eaa0 Implicit null exception at 0x00000210a8f6e94e to 0x00000210a8f6ec14
Event: 5398.349 Thread 0x000002108016eaa0 Implicit null exception at 0x00000210a8f6e94e to 0x00000210a8f6ec14
Event: 5399.350 Thread 0x000002108016eaa0 Implicit null exception at 0x00000210a8f6e94e to 0x00000210a8f6ec14
Event: 5400.350 Thread 0x000002108016eaa0 Implicit null exception at 0x00000210a8f6e94e to 0x00000210a8f6ec14
Event: 6242.572 Thread 0x0000021080171200 Implicit null exception at 0x00000210a9880681 to 0x00000210a9880cc8
Event: 8932.702 Thread 0x0000021080170b70 Implicit null exception at 0x00000210a9722747 to 0x00000210a9725c84
Event: 8932.842 Thread 0x0000021080170b70 Exception <a 'java/lang/NoSuchMethodError'{0x00000000a900a328}: 'int java.lang.invoke.DirectMethodHandle$Holder.invokeStatic(java.lang.Object, java.lang.Object, int, int)'> (0x00000000a900a328) 
thrown [s\open\src\hotspot\share\interpreter\linkResolver.cpp, line 773]
Event: 8954.302 Thread 0x000002108016f130 Exception <a 'java/lang/IncompatibleClassChangeError'{0x00000000a89634f8}: Found class java.lang.Object, but interface was expected> (0x00000000a89634f8) 
thrown [s\open\src\hotspot\share\interpreter\linkResolver.cpp, line 840]
Event: 11536.324 Thread 0x00000210801725b0 Implicit null exception at 0x00000210a98bdcc4 to 0x00000210a98c0018
Event: 11558.792 Thread 0x000002108016d6f0 Exception <a 'sun/net/ConnectionResetException'{0x00000000a87d6cd8}: Connection reset> (0x00000000a87d6cd8) 
thrown [s\open\src\hotspot\share\prims\jni.cpp, line 539]
Event: 11558.793 Thread 0x00000210801704e0 Exception <a 'sun/net/ConnectionResetException'{0x00000000a87f5710}: Connection reset> (0x00000000a87f5710) 
thrown [s\open\src\hotspot\share\prims\jni.cpp, line 539]
Event: 11558.793 Thread 0x0000021080170b70 Exception <a 'sun/net/ConnectionResetException'{0x00000000a86ea240}: Connection reset> (0x00000000a86ea240) 
thrown [s\open\src\hotspot\share\prims\jni.cpp, line 539]
Event: 11558.804 Thread 0x0000021080171f20 Exception <a 'sun/net/ConnectionResetException'{0x00000000a86c5448}: Connection reset> (0x00000000a86c5448) 
thrown [s\open\src\hotspot\share\prims\jni.cpp, line 539]
Event: 11904.598 Thread 0x0000021080171200 Implicit null exception at 0x00000210a9187427 to 0x00000210a9188990
Event: 11912.098 Thread 0x0000021080173ff0 Implicit null exception at 0x00000210a923c787 to 0x00000210a923cbd4
Event: 11912.099 Thread 0x0000021080173ff0 Implicit null exception at 0x00000210a8fe2d61 to 0x00000210a8fe2ee8

ZGC Phase Switch (0 events):
No events

VM Operations (20 events):
Event: 11933.986 Executing VM operation: G1PauseCleanup
Event: 11933.987 Executing VM operation: G1PauseCleanup done
Event: 11935.990 Executing VM operation: Cleanup
Event: 11935.991 Executing VM operation: Cleanup done
Event: 11936.593 Executing VM operation: G1CollectForAllocation (G1 Evacuation Pause)
Event: 11936.596 Executing VM operation: G1CollectForAllocation (G1 Evacuation Pause) done
Event: 11937.604 Executing VM operation: Cleanup
Event: 11937.604 Executing VM operation: Cleanup done
Event: 11938.654 Executing VM operation: G1CollectForAllocation (G1 Evacuation Pause)
Event: 11938.658 Executing VM operation: G1CollectForAllocation (G1 Evacuation Pause) done
Event: 11940.655 Executing VM operation: Cleanup
Event: 11940.655 Executing VM operation: Cleanup done
Event: 11940.716 Executing VM operation: G1CollectForAllocation (G1 Evacuation Pause)
Event: 11940.719 Executing VM operation: G1CollectForAllocation (G1 Evacuation Pause) done
Event: 11940.796 Executing VM operation: G1PauseRemark
Event: 11940.833 Executing VM operation: G1PauseRemark done
Event: 11940.852 Executing VM operation: G1PauseCleanup
Event: 11940.853 Executing VM operation: G1PauseCleanup done
Event: 11942.373 Executing VM operation: G1CollectForAllocation (G1 Evacuation Pause)
Event: 11942.377 Executing VM operation: G1CollectForAllocation (G1 Evacuation Pause) done

Events (20 events):
Event: 11940.821 Thread 0x00000210b4ea4080 flushing nmethod 0x00000210a17dca90
Event: 11940.821 Thread 0x00000210b4ea4080 flushing nmethod 0x00000210a19cfc90
Event: 11940.821 Thread 0x00000210b4ea4080 flushing nmethod 0x00000210a19a2f10
Event: 11940.821 Thread 0x00000210b4ea4080 flushing nmethod 0x00000210a19a1910
Event: 11940.821 Thread 0x00000210b4ea4080 flushing nmethod 0x00000210a1a0a790
Event: 11940.821 Thread 0x00000210b4ea4080 flushing nmethod 0x00000210a199ae10
Event: 11940.821 Thread 0x00000210b4ea4080 flushing nmethod 0x00000210a194a890
Event: 11940.821 Thread 0x00000210b4ea4080 flushing nmethod 0x00000210a19cf490
Event: 11940.821 Thread 0x00000210b4ea4080 flushing nmethod 0x00000210a193fb10
Event: 11940.822 Thread 0x00000210b4ea4080 flushing nmethod 0x00000210a1880690
Event: 11940.822 Thread 0x00000210b4ea4080 flushing nmethod 0x00000210a18c4610
Event: 11940.822 Thread 0x00000210b4ea4080 flushing nmethod 0x00000210a18bf410
Event: 11940.823 Thread 0x00000210b4ea4080 flushing nmethod 0x00000210a17f5890
Event: 11940.823 Thread 0x00000210b4ea4080 flushing nmethod 0x00000210a170b190
Event: 11940.823 Thread 0x00000210b4ea4080 flushing nmethod 0x00000210a15e5090
Event: 11940.823 Thread 0x00000210b4ea4080 flushing nmethod 0x00000210a1629910
Event: 11940.823 Thread 0x00000210b4ea4080 flushing nmethod 0x00000210a15d7390
Event: 11940.823 Thread 0x00000210b4ea4080 flushing nmethod 0x00000210a14a8690
Event: 11940.823 Thread 0x00000210b4ea4080 flushing nmethod 0x00000210a1469110
Event: 11940.823 Thread 0x00000210b4ea4080 flushing nmethod 0x00000210a1467710


Dynamic libraries:
0x00007ff7a7dc0000 - 0x00007ff7a7dce000 	C:\Users\Samuele Toscano\.jdks\openjdk-21.0.2\bin\java.exe
0x00007ffc0f110000 - 0x00007ffc0f326000 	C:\WINDOWS\SYSTEM32\ntdll.dll
0x00007ffc0cf30000 - 0x00007ffc0cff4000 	C:\WINDOWS\System32\KERNEL32.DLL
0x00007ffc0c570000 - 0x00007ffc0c916000 	C:\WINDOWS\System32\KERNELBASE.dll
0x00007ffc0c450000 - 0x00007ffc0c561000 	C:\WINDOWS\System32\ucrtbase.dll
0x00007ffbb6ec0000 - 0x00007ffbb6ed8000 	C:\Users\Samuele Toscano\.jdks\openjdk-21.0.2\bin\jli.dll
0x00007ffbd1640000 - 0x00007ffbd165b000 	C:\Users\Samuele Toscano\.jdks\openjdk-21.0.2\bin\VCRUNTIME140.dll
0x00007ffc0d710000 - 0x00007ffc0d8bd000 	C:\WINDOWS\System32\USER32.dll
0x00007ffbf69f0000 - 0x00007ffbf6c83000 	C:\WINDOWS\WinSxS\amd64_microsoft.windows.common-controls_6595b64144ccf1df_6.0.22621.3235_none_270f74e173860f98\COMCTL32.dll
0x00007ffc0cd40000 - 0x00007ffc0cd66000 	C:\WINDOWS\System32\win32u.dll
0x00007ffc0ce80000 - 0x00007ffc0cf27000 	C:\WINDOWS\System32\msvcrt.dll
0x00007ffc0eed0000 - 0x00007ffc0eef9000 	C:\WINDOWS\System32\GDI32.dll
0x00007ffc0cb30000 - 0x00007ffc0cc48000 	C:\WINDOWS\System32\gdi32full.dll
0x00007ffc0ca90000 - 0x00007ffc0cb2a000 	C:\WINDOWS\System32\msvcp_win.dll
0x00007ffc0dda0000 - 0x00007ffc0ddd1000 	C:\WINDOWS\System32\IMM32.DLL
0x00007ffbf49b0000 - 0x00007ffbf49bc000 	C:\Users\Samuele Toscano\.jdks\openjdk-21.0.2\bin\vcruntime140_1.dll
0x00007ffbb6330000 - 0x00007ffbb63be000 	C:\Users\Samuele Toscano\.jdks\openjdk-21.0.2\bin\msvcp140.dll
0x00007ffba37d0000 - 0x00007ffba44e7000 	C:\Users\Samuele Toscano\.jdks\openjdk-21.0.2\bin\server\jvm.dll
0x00007ffc0ed80000 - 0x00007ffc0ee32000 	C:\WINDOWS\System32\ADVAPI32.dll
0x00007ffc0e820000 - 0x00007ffc0e8c8000 	C:\WINDOWS\System32\sechost.dll
0x00007ffc0cd70000 - 0x00007ffc0cd98000 	C:\WINDOWS\System32\bcrypt.dll
0x00007ffc0d440000 - 0x00007ffc0d555000 	C:\WINDOWS\System32\RPCRT4.dll
0x00007ffc0e930000 - 0x00007ffc0e9a1000 	C:\WINDOWS\System32\WS2_32.dll
0x00007ffc0c320000 - 0x00007ffc0c36d000 	C:\WINDOWS\SYSTEM32\POWRPROF.dll
0x00007ffc05c90000 - 0x00007ffc05cc4000 	C:\WINDOWS\SYSTEM32\WINMM.dll
0x00007ffc04640000 - 0x00007ffc0464a000 	C:\WINDOWS\SYSTEM32\VERSION.dll
0x00007ffc0c300000 - 0x00007ffc0c313000 	C:\WINDOWS\SYSTEM32\UMPDC.dll
0x00007ffc0b460000 - 0x00007ffc0b478000 	C:\WINDOWS\SYSTEM32\kernel.appcore.dll
0x00007ffbe6b30000 - 0x00007ffbe6b3a000 	C:\Users\Samuele Toscano\.jdks\openjdk-21.0.2\bin\jimage.dll
0x00007ffc09be0000 - 0x00007ffc09e13000 	C:\WINDOWS\SYSTEM32\DBGHELP.DLL
0x00007ffc0d0b0000 - 0x00007ffc0d438000 	C:\WINDOWS\System32\combase.dll
0x00007ffc0e9b0000 - 0x00007ffc0ea87000 	C:\WINDOWS\System32\OLEAUT32.dll
0x00007ffbf1da0000 - 0x00007ffbf1dd2000 	C:\WINDOWS\SYSTEM32\dbgcore.DLL
0x00007ffc0ccc0000 - 0x00007ffc0cd3a000 	C:\WINDOWS\System32\bcryptPrimitives.dll
0x00007ffbff3f0000 - 0x00007ffbff3ff000 	C:\Users\Samuele Toscano\.jdks\openjdk-21.0.2\bin\instrument.dll
0x00007ffbb4fe0000 - 0x00007ffbb4fff000 	C:\Users\Samuele Toscano\.jdks\openjdk-21.0.2\bin\java.dll
0x00007ffc0dfb0000 - 0x00007ffc0e80d000 	C:\WINDOWS\System32\SHELL32.dll
0x00007ffc0a360000 - 0x00007ffc0ac58000 	C:\WINDOWS\SYSTEM32\windows.storage.dll
0x00007ffc0a220000 - 0x00007ffc0a35e000 	C:\WINDOWS\SYSTEM32\wintypes.dll
0x00007ffc0ea90000 - 0x00007ffc0eb83000 	C:\WINDOWS\System32\SHCORE.dll
0x00007ffc0ecf0000 - 0x00007ffc0ed4e000 	C:\WINDOWS\System32\shlwapi.dll
0x00007ffc0c380000 - 0x00007ffc0c3a6000 	C:\WINDOWS\SYSTEM32\profapi.dll
0x00007ffbb5040000 - 0x00007ffbb5117000 	C:\Users\Samuele Toscano\.jdks\openjdk-21.0.2\bin\jsvml.dll
0x00007ffbbaf10000 - 0x00007ffbbaf28000 	C:\Users\Samuele Toscano\.jdks\openjdk-21.0.2\bin\zip.dll
0x00007ffbe6400000 - 0x00007ffbe6410000 	C:\Users\Samuele Toscano\.jdks\openjdk-21.0.2\bin\net.dll
0x00007ffc05ce0000 - 0x00007ffc05e17000 	C:\WINDOWS\SYSTEM32\WINHTTP.dll
0x00007ffc0b910000 - 0x00007ffc0b979000 	C:\WINDOWS\system32\mswsock.dll
0x00007ffbdbba0000 - 0x00007ffbdbbb6000 	C:\Users\Samuele Toscano\.jdks\openjdk-21.0.2\bin\nio.dll
0x00007ffbff350000 - 0x00007ffbff36a000 	C:\Program Files\JetBrains\IntelliJ IDEA Community Edition 2023.3.2\bin\breakgen64.dll
0x00007ffc04aa0000 - 0x00007ffc04aa9000 	C:\Users\Samuele Toscano\.jdks\openjdk-21.0.2\bin\extnet.dll
0x00007ffc04a70000 - 0x00007ffc04a80000 	C:\Users\Samuele Toscano\.jdks\openjdk-21.0.2\bin\verify.dll
0x00007ffc07790000 - 0x00007ffc0779a000 	C:\Users\Samuele Toscano\.jdks\openjdk-21.0.2\bin\management.dll
0x00007ffc06550000 - 0x00007ffc0655b000 	C:\Users\Samuele Toscano\.jdks\openjdk-21.0.2\bin\management_ext.dll
0x00007ffc0ed50000 - 0x00007ffc0ed58000 	C:\WINDOWS\System32\PSAPI.DLL
0x00007ffbff3e0000 - 0x00007ffbff3ee000 	C:\Users\Samuele Toscano\.jdks\openjdk-21.0.2\bin\sunmscapi.dll
0x00007ffc0c920000 - 0x00007ffc0ca86000 	C:\WINDOWS\System32\CRYPT32.dll
0x00007ffc0bd20000 - 0x00007ffc0bd4e000 	C:\WINDOWS\SYSTEM32\ncrypt.dll
0x00007ffc0bce0000 - 0x00007ffc0bd17000 	C:\WINDOWS\SYSTEM32\NTASN1.dll
0x00007ffc0bb70000 - 0x00007ffc0bb8b000 	C:\WINDOWS\SYSTEM32\CRYPTSP.dll
0x00007ffc0b3c0000 - 0x00007ffc0b3f5000 	C:\WINDOWS\system32\rsaenh.dll
0x00007ffc0ba00000 - 0x00007ffc0ba2c000 	C:\WINDOWS\SYSTEM32\USERENV.dll
0x00007ffc0bb60000 - 0x00007ffc0bb6c000 	C:\WINDOWS\SYSTEM32\CRYPTBASE.dll
0x00007ffc0aec0000 - 0x00007ffc0aeed000 	C:\WINDOWS\SYSTEM32\IPHLPAPI.DLL
0x00007ffc0e810000 - 0x00007ffc0e819000 	C:\WINDOWS\System32\NSI.dll
0x00007ffc0aef0000 - 0x00007ffc0afe9000 	C:\WINDOWS\SYSTEM32\DNSAPI.dll
0x00007ffbf7b20000 - 0x00007ffbf7b2a000 	C:\Windows\System32\rasadhlp.dll
0x00007ffc04210000 - 0x00007ffc04293000 	C:\WINDOWS\System32\fwpuclnt.dll
0x00007ffbee7b0000 - 0x00007ffbee7b8000 	C:\WINDOWS\system32\wshunix.dll

dbghelp: loaded successfully - version: 4.0.5 - missing functions: none
symbol engine: initialized successfully - sym options: 0x614 - pdb path: .;C:\Users\Samuele Toscano\.jdks\openjdk-21.0.2\bin;C:\WINDOWS\SYSTEM32;C:\WINDOWS\WinSxS\amd64_microsoft.windows.common-controls_6595b64144ccf1df_6.0.22621.3235_none_270f74e173860f98;C:\Users\Samuele Toscano\.jdks\openjdk-21.0.2\bin\server;C:\Program Files\JetBrains\IntelliJ IDEA Community Edition 2023.3.2\bin

VM Arguments:
jvm_args: -javaagent:C:\Program Files\JetBrains\IntelliJ IDEA Community Edition 2023.3.2\lib\idea_rt.jar=56068:C:\Program Files\JetBrains\IntelliJ IDEA Community Edition 2023.3.2\bin -Dfile.encoding=UTF-8 -Dsun.stdout.encoding=UTF-8 -Dsun.stderr.encoding=UTF-8 
java_command: it.epicode.capstone.CapstoneApplication
java_class_path (initial): C:\Users\Samuele Toscano\Desktop\Progetti personali\Easy 3vs3\back-end\capstone back-end\target\classes;C:\Users\Samuele Toscano\.m2\repository\commons-io\commons-io\2.15.1\commons-io-2.15.1.jar;C:\Users\Samuele Toscano\.m2\repository\com\cloudinary\cloudinary-http44\1.37.0\cloudinary-http44-1.37.0.jar;C:\Users\Samuele Toscano\.m2\repository\com\cloudinary\cloudinary-core\1.37.0\cloudinary-core-1.37.0.jar;C:\Users\Samuele Toscano\.m2\repository\org\apache\commons\commons-lang3\3.14.0\commons-lang3-3.14.0.jar;C:\Users\Samuele Toscano\.m2\repository\org\apache\httpcomponents\httpclient\4.4\httpclient-4.4.jar;C:\Users\Samuele Toscano\.m2\repository\org\apache\httpcomponents\httpcore\4.4.16\httpcore-4.4.16.jar;C:\Users\Samuele Toscano\.m2\repository\commons-logging\commons-logging\1.2\commons-logging-1.2.jar;C:\Users\Samuele Toscano\.m2\repository\commons-codec\commons-codec\1.16.1\commons-codec-1.16.1.jar;C:\Users\Samuele Toscano\.m2\repository\org\apache\httpcomponents\httpmime\4.4\httpmime-4.4.jar;C:\Users\Samuele Toscano\.m2\repository\io\jsonwebtoken\jjwt-api\0.12.5\jjwt-api-0.12.5.jar;C:\Users\Samuele Toscano\.m2\repository\io\jsonwebtoken\jjwt-jackson\0.12.5\jjwt-jackson-0.12.5.jar;C:\Users\Samuele Toscano\.m2\repository\com\fasterxml\jackson\core\jackson-databind\2.17.0\jackson-databind-2.17.0.jar;C:\Users\Samuele Toscano\.m2\repository\com\fasterxml\jackson\core\jackson-annotations\2.17.0\jackson-annotations-2.17.0.jar;C:\Users\Samuele Toscano\.m2\repository\com\fasterxml\jackson\core\jackson-core\2.17.0\jackson-core-2.17.0.jar;C:\Users\Samuele Toscano\.m2\repository\net\bytebuddy\byte-buddy\1.14.12\byte-buddy-1.14.12.jar;C:\Users\Samuele Toscano\.m2\repository\io\jsonwebtoken\jjwt-impl\0.12.5\jjwt-impl-0.12.5.jar;C:\Users\Samuele Toscano\.m2\repository\org\springdoc\springdoc-openapi-starter-webmvc-ui\2.3.0\springdoc-openapi-starter-webmvc-ui-2.3.0.jar;C:\Users\Samuele Toscano\.m2\repository\org\springdoc\springdoc-openapi-starter-webmvc-api\2.3.0\springdoc-openapi-starter-webmvc-api-2.3.0.jar;C:\Users\Samuele Toscano\.m2\repository\org\springdoc\springdoc-openapi-starter-common\2.3.0\springdoc-openapi-starter-common-2.3.0.jar;C:\Users\Samuele Toscano\.m2\repository\io\swagger\core\v3\swagger-core-jakarta\2.2.19\swagger-core-jakarta-2.2.19.jar;C:\Users\Samuele Toscano\.m2\repository\io\swagger\core\v3\swagger-annotations-jakarta\2.2.19\swagger-annotations-jakarta-2.2.19.jar;C:\Users\Samuele Toscano\.m2\repository\io\swagger\core\v3\swagger-models-jakarta\2.2.19\swagger-models-jakarta-2.2.19.jar;C:\Users\Samuele Toscano\.m2\repository\com\fasterxml\jackson\dataformat\jackson-dataformat-yaml\2.17.0\jackson-dataformat-yaml-2.17.0.jar;C:\Users\Samuele Toscano\.m2\repository\org\webjars\swagger-ui\5.10.3\swagger-ui-5.10.3.jar;C:\Users\Samuele Toscano\.m2\repository\org\springframework\boot\spring-boot-starter-data-jpa\3.3.0-SNAPSHOT\spring-boot-starter-data-jpa-3.3.0-20240322.233323-253.jar;C:\Users\Samuele Toscano\.m2\repository\org\springframework\boot\spring-boot-starter-aop\3.3.0-SNAPSHOT\spring-boot-starter-aop-3.3.0-20240322.233323-253.jar;C:\Users\Samuele Toscano\.m2\repository\org\aspectj\aspectjweaver\1.9.21\aspectjweaver-1.9.21.jar;C:\Users\Samuele Toscano\.m2\repository\org\springframework\boot\spring-boot-starter-jdbc\3.3.0-SNAPSHOT\spring-boot-starter-jdbc-3.3.0-20240322.233323-253.jar;C:\Users\Samuele Toscano\.m2\repository\com\zaxxer\HikariCP\5.1.0\HikariCP-5.1.0.jar;C:\Users\Samuele Toscano\.m2\repository\org\springframework\spring-jdbc\6.1.5\spring-jdbc-6.1.5.jar;C:\Users\Samuele Toscano\.m2\repository\org\hibernate\orm\hibernate-core\6.4.4.Final\hibernate-core-6.4.4.Final.jar;C:\Users\Samuele Toscano\.m2\repository\jakarta\persistence\jakarta.persistence-api\3.1.0\jakarta.persistence-api-3.1.0.jar;C:\Users\Samuele Toscano\.m2\repository\jakarta\transaction\jakarta.transaction-api\2.0.1\jakarta.transaction-api-2.0.1.jar;C:\Users\Samuele Toscano\.m2\repository\org\jboss\logging\jboss-logging\3.5.3.Final\jboss-logging-3.5.3.Final.jar;C:\Users\Samuele Toscano\.m2\repository\org\hibernate\common\hibernate-commons-annotations\6.0.6.Final\hibernate-commons-annotations-6.0.6.Final.jar;C:\Users\Samuele Toscano\.m2\repository\io\smallrye\jandex\3.1.2\jandex-3.1.2.jar;C:\Users\Samuele Toscano\.m2\repository\com\fasterxml\classmate\1.7.0\classmate-1.7.0.jar;C:\Users\Samuele Toscano\.m2\repository\org\glassfish\jaxb\jaxb-runtime\4.0.5\jaxb-runtime-4.0.5.jar;C:\Users\Samuele Toscano\.m2\repository\org\glassfish\jaxb\jaxb-core\4.0.5\jaxb-core-4.0.5.jar;C:\Users\Samuele Toscano\.m2\repository\org\glassfish\jaxb\txw2\4.0.5\txw2-4.0.5.jar;C:\Users\Samuele Toscano\.m2\repository\com\sun\istack\istack-commons-runtime\4.1.2\istack-commons-runtime-4.1.2.jar;C:\Users\Samuele Toscano\.m2\repository\jakarta\inject\jakarta.inject-api\2.0.1\jakarta.inject-api-2.0.1.jar;C:\Users\Samuele Toscano\.m2\repository\org\antlr\antlr4-runtime\4.13.0\antlr4-runtime-4.13.0.jar;C:\Users\Samuele Toscano\.m2\repository\org\springframework\data\spring-data-jpa\3.3.0-M2\spring-data-jpa-3.3.0-M2.jar;C:\Users\Samuele Toscano\.m2\repository\org\springframework\data\spring-data-commons\3.3.0-M2\spring-data-commons-3.3.0-M2.jar;C:\Users\Samuele Toscano\.m2\repository\org\springframework\spring-orm\6.1.5\spring-orm-6.1.5.jar;C:\Users\Samuele Toscano\.m2\repository\org\springframework\spring-context\6.1.5\spring-context-6.1.5.jar;C:\Users\Samuele Toscano\.m2\repository\org\springframework\spring-tx\6.1.5\spring-tx-6.1.5.jar;C:\Users\Samuele Toscano\.m2\repository\org\springframework\spring-beans\6.1.5\spring-beans-6.1.5.jar;C:\Users\Samuele Toscano\.m2\repository\jakarta\annotation\jakarta.annotation-api\2.1.1\jakarta.annotation-api-2.1.1.jar;C:\Users\Samuele Toscano\.m2\repository\org\slf4j\slf4j-api\2.0.12\slf4j-api-2.0.12.jar;C:\Users\Samuele Toscano\.m2\repository\org\springframework\spring-aspects\6.1.5\spring-aspects-6.1.5.jar;C:\Users\Samuele Toscano\.m2\repository\org\springframework\boot\spring-boot-starter-mail\3.3.0-SNAPSHOT\spring-boot-starter-mail-3.3.0-20240322.233323-253.jar;C:\Users\Samuele Toscano\.m2\repository\org\springframework\boot\spring-boot-starter\3.3.0-SNAPSHOT\spring-boot-starter-3.3.0-20240322.233323-253.jar;C:\Users\Samuele Toscano\.m2\repository\org\springframework\boot\spring-boot-starter-logging\3.3.0-SNAPSHOT\spring-boot-starter-logging-3.3.0-20240322.233323-253.jar;C:\Users\Samuele Toscano\.m2\repository\ch\qos\logback\logback-classic\1.4.14\logback-classic-1.4.14.jar;C:\Users\Samuele Toscano\.m2\repository\ch\qos\logback\logback-core\1.4.14\logback-core-1.4.14.jar;C:\Users\Samuele Toscano\.m2\repository\org\apache\logging\log4j\log4j-to-slf4j\2.23.1\log4j-to-slf4j-2.23.1.jar;C:\Users\Samuele Toscano\.m2\repository\org\apache\logging\log4j\log4j-api\2.23.1\log4j-api-2.23.1.jar;C:\Users\Samuele Toscano\.m2\repository\org\slf4j\jul-to-slf4j\2.0.12\jul-to-slf4j-2.0.12.jar;C:\Users\Samuele Toscano\.m2\repository\org\yaml\snakeyaml\2.2\snakeyaml-2.2.jar;C:\Users\Samuele Toscano\.m2\repository\org\springframework\spring-context-support\6.1.5\spring-context-support-6.1.5.jar;C:\Users\Samuele Toscano\.m2\repository\org\eclipse\angus\jakarta.mail\2.0.3\jakarta.mail-2.0.3.jar;C:\Users\Samuele Toscano\.m2\repository\jakarta\activation\jakarta.activation-api\2.1.3\jakarta.activation-api-2.1.3.jar;C:\Users\Samuele Toscano\.m2\repository\org\eclipse\angus\angus-activation\2.0.2\angus-activation-2.0.2.jar;C:\Users\Samuele Toscano\.m2\repository\org\springframework\boot\spring-boot-starter-security\3.3.0-SNAPSHOT\spring-boot-starter-security-3.3.0-20240322.233323-253.jar;C:\Users\Samuele Toscano\.m2\repository\org\springframework\spring-aop\6.1.5\spring-aop-6.1.5.jar;C:\Users\Samuele Toscano\.m2\repository\org\springframework\security\spring-security-config\6.3.0-M3\spring-security-config-6.3.0-M3.jar;C:\Users\Samuele Toscano\.m2\repository\org\springframework\security\spring-security-web\6.3.0-M3\spring-security-web-6.3.0-M3.jar;C:\Users\Samuele Toscano\.m2\repository\org\springframework\spring-expression\6.1.5\spring-expression-6.1.5.jar;C:\Users\Samuele Toscano\.m2\repository\org\springframework\boot\spring-boot-starter-validation\3.3.0-SNAPSHOT\spring-boot-starter-validation-3.3.0-20240322.233323-253.jar;C:\Users\Samuele Toscano\.m2\repository\org\apache\tomcat\embed\tomcat-embed-el\10.1.19\tomcat-embed-el-10.1.19.jar;C:\Users\Samuele Toscano\.m2\repository\org\hibernate\validator\hibernate-validator\8.0.1.Final\hibernate-validator-8.0.1.Final.jar;C:\Users\Samuele Toscano\.m2\repository\jakarta\validation\jakarta.validation-api\3.0.2\jakarta.validation-api-3.0.2.jar;C:\Users\Samuele Toscano\.m2\repository\org\springframework\boot\spring-boot-starter-web\3.3.0-SNAPSHOT\spring-boot-starter-web-3.3.0-20240322.233323-253.jar;C:\Users\Samuele Toscano\.m2\repository\org\springframework\boot\spring-boot-starter-json\3.3.0-SNAPSHOT\spring-boot-starter-json-3.3.0-20240322.233323-253.jar;C:\Users\Samuele Toscano\.m2\repository\com\fasterxml\jackson\datatype\jackson-datatype-jdk8\2.17.0\jackson-datatype-jdk8-2.17.0.jar;C:\Users\Samuele Toscano\.m2\repository\com\fasterxml\jackson\datatype\jackson-datatype-jsr310\2.17.0\jackson-datatype-jsr310-2.17.0.jar;C:\Users\Samuele Toscano\.m2\repository\com\fasterxml\jackson\module\jackson-module-parameter-names\2.17.0\jackson-module-parameter-names-2.17.0.jar;C:\Users\Samuele Toscano\.m2\repository\org\springframework\boot\spring-boot-starter-tomcat\3.3.0-SNAPSHOT\spring-boot-starter-tomcat-3.3.0-20240322.233323-253.jar;C:\Users\Samuele Toscano\.m2\repository\org\apache\tomcat\embed\tomcat-embed-core\10.1.19\tomcat-embed-core-10.1.19.jar;C:\Users\Samuele Toscano\.m2\repository\org\apache\tomcat\embed\tomcat-embed-websocket\10.1.19\tomcat-embed-websocket-10.1.19.jar;C:\Users\Samuele Toscano\.m2\repository\org\springframework\spring-web\6.1.5\spring-web-6.1.5.jar;C:\Users\Samuele Toscano\.m2\repository\io\micrometer\micrometer-observation\1.13.0-M2\micrometer-observation-1.13.0-M2.jar;C:\Users\Samuele Toscano\.m2\repository\io\micrometer\micrometer-commons\1.13.0-M2\micrometer-commons-1.13.0-M2.jar;C:\Users\Samuele Toscano\.m2\repository\org\springframework\spring-webmvc\6.1.5\spring-webmvc-6.1.5.jar;C:\Users\Samuele Toscano\.m2\repository\org\springframework\security\spring-security-core\6.3.0-M3\spring-security-core-6.3.0-M3.jar;C:\Users\Samuele Toscano\.m2\repository\org\springframework\security\spring-security-crypto\6.3.0-M3\spring-security-crypto-6.3.0-M3.jar;C:\Users\Samuele Toscano\.m2\repository\org\springframework\spring-core\6.1.5\spring-core-6.1.5.jar;C:\Users\Samuele Toscano\.m2\repository\org\springframework\spring-jcl\6.1.5\spring-jcl-6.1.5.jar;C:\Users\Samuele Toscano\.m2\repository\org\springframework\boot\spring-boot-devtools\3.3.0-SNAPSHOT\spring-boot-devtools-3.3.0-20240322.233323-253.jar;C:\Users\Samuele Toscano\.m2\repository\org\springframework\boot\spring-boot\3.3.0-SNAPSHOT\spring-boot-3.3.0-20240322.233323-253.jar;C:\Users\Samuele Toscano\.m2\repository\org\springframework\boot\spring-boot-autoconfigure\3.3.0-SNAPSHOT\spring-boot-autoconfigure-3.3.0-20240322.233323-253.jar;C:\Users\Samuele Toscano\.m2\repository\org\postgresql\postgresql\42.7.3\postgresql-42.7.3.jar;C:\Users\Samuele Toscano\.m2\repository\org\checkerframework\checker-qual\3.42.0\checker-qual-3.42.0.jar;C:\Users\Samuele Toscano\.m2\repository\org\projectlombok\lombok\1.18.30\lombok-1.18.30.jar;C:\Users\Samuele Toscano\.m2\repository\jakarta\xml\bind\jakarta.xml.bind-api\4.0.2\jakarta.xml.bind-api-4.0.2.jar
Launcher Type: SUN_STANDARD

[Global flags]
     intx CICompilerCount                          = 4                                         {product} {ergonomic}
     uint ConcGCThreads                            = 2                                         {product} {ergonomic}
     uint G1ConcRefinementThreads                  = 8                                         {product} {ergonomic}
   size_t G1HeapRegionSize                         = 1048576                                   {product} {ergonomic}
    uintx GCDrainStackTargetSize                   = 64                                        {product} {ergonomic}
   size_t InitialHeapSize                          = 100663296                                 {product} {ergonomic}
   size_t MarkStackSize                            = 4194304                                   {product} {ergonomic}
   size_t MaxHeapSize                              = 1579155456                                {product} {ergonomic}
   size_t MaxNewSize                               = 946864128                                 {product} {ergonomic}
   size_t MinHeapDeltaBytes                        = 1048576                                   {product} {ergonomic}
   size_t MinHeapSize                              = 8388608                                   {product} {ergonomic}
    uintx NonNMethodCodeHeapSize                   = 5839372                                {pd product} {ergonomic}
    uintx NonProfiledCodeHeapSize                  = 122909434                              {pd product} {ergonomic}
    uintx ProfiledCodeHeapSize                     = 122909434                              {pd product} {ergonomic}
    uintx ReservedCodeCacheSize                    = 251658240                              {pd product} {ergonomic}
     bool SegmentedCodeCache                       = true                                      {product} {ergonomic}
   size_t SoftMaxHeapSize                          = 1579155456                             {manageable} {ergonomic}
     bool UseCompressedOops                        = true                           {product lp64_product} {ergonomic}
     bool UseG1GC                                  = true                                      {product} {ergonomic}
     bool UseLargePagesIndividualAllocation        = false                                  {pd product} {ergonomic}

Logging:
Log output configuration:
 #0: stdout all=warning uptime,level,tags foldmultilines=false
 #1: stderr all=off uptime,level,tags foldmultilines=false

Environment Variables:
JAVA_HOME=C:\Program Files\Java\jdk-18.0.1.1
PATH=C:\Program Files\Common Files\Oracle\Java\javapath;C:\WINDOWS\system32;C:\WINDOWS;C:\WINDOWS\System32\Wbem;C:\WINDOWS\System32\WindowsPowerShell\v1.0\;C:\WINDOWS\System32\OpenSSH\;C:\Program Files (x86)\Calibre2\;C:\Program Files\Git\cmd;C:\Program Files\nodejs\;C:\Users\Samuele Toscano\AppData\Local\Microsoft\WindowsApps;C:\Users\Samuele Toscano\AppData\Local\Programs\Microsoft VS Code\bin;C:\Users\Samuele Toscano\AppData\Roaming\npm
USERNAME=Samuele Toscano
OS=Windows_NT
PROCESSOR_IDENTIFIER=AMD64 Family 23 Model 24 Stepping 1, AuthenticAMD
TMP=C:\Users\SAMUEL~1\AppData\Local\Temp
TEMP=C:\Users\SAMUEL~1\AppData\Local\Temp




Periodic native trim disabled

---------------  S Y S T E M  ---------------

OS:
 Windows 11 , 64 bit Build 22621 (10.0.22621.3235)
OS uptime: 11 days 19:27 hours
Hyper-V role detected

CPU: total 8 (initial active 8) (8 cores per cpu, 2 threads per core) family 23 model 24 stepping 1 microcode 0x0, cx8, cmov, fxsr, ht, mmx, 3dnowpref, sse, sse2, sse3, ssse3, sse4a, sse4.1, sse4.2, popcnt, lzcnt, tsc, tscinvbit, avx, avx2, aes, clmul, bmi1, bmi2, adx, sha, fma, vzeroupper, clflush, clflushopt, hv, rdtscp, f16c
Processor Information for all 8 processors :
  Max Mhz: 2100, Current Mhz: 2100, Mhz Limit: 2100

Memory: 4k page, system-wide physical 6020M (336M free)
TotalPageFile size 24452M (AvailPageFile size 1M)
current process WorkingSet (physical memory assigned to process): 253M, peak: 397M
current process commit charge ("private bytes"): 416M, peak: 437M

vm_info: OpenJDK 64-Bit Server VM (21.0.2+13-58) for windows-amd64 JRE (21.0.2+13-58), built on 2024-01-05T18:32:24Z by "mach5one" with MS VC++ 17.1 (VS2022)

END.
